MNCL
("?" nil nil); essai 20/11
("Des" nil (((d e)0))); token_to_words/addenda step
("Mexico" nil (((m e) 0)((s i)0)((k o)0)))
("_y" nil (((i)0))); token_to_words/addenda step
("a" nil (((a)0)))
("abbaye" nil (((a)0)((b e)0)((i)0)))
("abdomen" nil (((a b)0)((d oh)0)((m eh n)0)))
("abrivent" "NOM" (((a)0)((b rh i)0)((v ahn)0)))
("abrupt" nil (((a)0)((b rh y p t)0)))
("abstient" nil (((a p s) 0) ((t j ehn) 0)))
("accent" NOM (((a k) 0) ((s ahn) 0)))
("acupuncteur" nil (((a)0)((k y)0)((p ohn k)0)((t oe rh)0)))
("ad_infinitum" nil ((("a" d) 0) (("ehn") 0) (("f" "i") 0) (("n" "i") 0) (("t" "oh" "m") 0)))
("ad_patres" nil ((("a" "d") 0) (("p" "a") 0) (("t" "rh" "eh" s) 0)))
("advient" "VER" (((a d)0) ((v j ehn)0)))
("afin_d" nil (((a)0)((f ehn)0)))
("afin_qu" nil ((("a") 0) ((f ehn) 0))); token_to_words
("agenda" nil (((a)0)((zh ehn)0)((d a)0)))
("agnus_castus_NOM" "NOM" ((("a" "g") 0) (("n" "y" "s") 0) (("k" "a" "s") 0) (("t" "y" "s") 0))); locution
("ai" nil ((("eh")0)))
("ailé" nil (((eh )0)((l e)0)))
("ailée" nil (((eh )0)((l e)0)))
("albatros" nil ((("a" "l") 0) (("b" "a") 0) (("t" "rh" "oh" "s") 0)))
("alias" nil ((("a") 0) (("l" "j" "a" "s") 0)))
("alors_qu" nil ((("a") 0) (("l" "oh" "rh") 0))); token_to_words
("aloès" nil ((("a") 0) (("l" "oh") 0) (("eh" s) 0)))
("alès" nil ((("a") 0) (("l" "eh") 0)))
("antarctique" nil (((ahn)0)((t a rh k)0)((t i k)0)))
("antienne" nil (((ahn)0)((s j eh n)0)))
("antitabac" nil (((ahn)0)((t i)0)((t a)0)((b a)0)))
("apens" nil (((a)0)((p ahn)0)))
("appartient" "VER" (((a)0)((p a rh)0)((t j ehn)0)))
("appartient" nil (((a)0)((p a rh)0)((t j ehn)0)))
("argent" nil ((("a" "rh") 0) (("zh" "ahn") 0)))
("arès" nil ((("a") 0) (("rh" "eh") 0)))
;("as" "NOM" (((a s)0)))
;("as" "VER" (((a)0)))
("assez" nil (((a)0)((s e)0)))
("atlas" nil ((("a") 0) (("t" "l" "a" s) 0)))
("aucun" nil ((("o") 0) (("k" "oen") 0)))
("auroch" nil (((o)0)((rh oh k)0)))
("aussitôt_ADV" ADV (((o)0)((s i )0)((t o)0)))
("autobus" nil ((("o") 0) (("t" "o") 0) (("b" "y") 0)))
("autre" nil ((("o" "t" "rh") 0)))
("ave" nil (((a)0)((v e)0)))
("avec" nil ((("a")0) (("v" "eh" k)0)))
("avec" nil ((("a")0) (("v" "eh" k)0)))
("aérosol" nil (((a)0) ((e)0) ((rh o)0) ((s oh l )0)))
("baby" nil (((b e b i)0)))
("banjo" nil (((b ahn)0)(( d zh o)0)))
("ben" "NAM" (((b eh n)0)))
("ben" "ONO" (((b ehn)0)))
("bien" nil ((("b" "j" "ehn") 0)))
("bien_qu" nil (((b j ehn) 0))); token_to_words
("biens" nil ((("b" "j" "ehn") 0)))
("boeuf" nil (((b oe f)0)))
("boeufs" nil (((b eu)0)))
("bombyx" nil ((("b" "ohn") 0) (("b" "i" "k" "s") 0)))
("bon" nil ((("b" "ohn") 0)))
("boomerang" nil (((b u m)0)((rh ahn g)0)))
("booster" nil ((( b u )0)(( s t eh rh)0)))
("bowling" nil (((b u)0)((l i n g)0)))
("brayant" nil (((b rh a)0)((j ahn)0)))
("break" nil (((b rh eh k)0))) ; tie break breakfast
("brisé" nil ((("b" "rh" "i") 0) (("z" "e") 0)))
("brisée" nil ((("b" "rh" "i") 0) (("z" "e") 0)))
("building" nil (((b y l)0)((d i n g)0)))
("bungalow" nil (((b oen)0)((g a)0)((l o)0)))
("bus" "NOM" ((("b" "y" "s") 0)))
("bus" "VER" ((("b" "y")0)))
("ce" nil ((("s" "ae")0)))
("celle_ci" nil ((("s" "eh" "l")0)(("s" "i")0)))
("cerf" nil (((s eh rh)0)))
("certain" nil ((("s" "eh" "rh") 0) (("t" "ehn") 0)))
("certaine" nil ((("s" "eh" "rh") 0) (("t" "eh" "n") 0)))
("certaines" nil ((("s" "eh" "rh") 0) (("t" "eh" "n") 0)))
("certains" nil ((("s" "eh" "rh") 0) (("t" "ehn") 0)))
("ces" nil ((("s" "e") 0))); CES
("ceux-ci" nil ((("s" "eu" "s") 0)))
("chacun" nil ((("sh" "a") 0)((k oen)0)))
("chez" nil ((("sh" "e") 0)))
("clown" nil (((k l u n)0)))
("clownerie" nil (((k l u n)0)((rh i)0)))
("clownesse" nil (((k l u)0)((n eh s)0)))
("cocker" nil (((k oh)0)((k eh rh)0)))
("comment" nil ((("k" "oh") 0) (("m" "ahn") 0)))
("content" "ADJ" ((("k" "ohn")0)(("t" ahn)0)))
("content" "VER" ((("k" "ohn" "t")0)))
("contient" nil (((k ohn) 0) ((t j ehn) 0)))
("contrevient_VER" VER (((k ohn)0) ((t rh ae)0) ((v j ehn)0)))
("corner" nil (((k oh rh)0)(( n eh rh)0)))
("corps" nil ((("k" "oh" "rh") 0)))
("cost" nil ((("k" "oh" "s")0) (("t" ae) 0)))
("cosy" nil (((k oh)0)((z i)0)))
("cotignac" nil (((k o)0)((t i)0)((jg a)0)));; refra
("couvent" "NOM" ((("k" "u")0)(("v" ahn)0))) ;; !
("couvent" "VER" ((("k" "u" "v")0)))
("coïncident" "ADJ" (((k o)0)((ehn)0)((s i d)0))) 
("coïncident" "ADJ" (((k o)0)((ehn)0)((s i)0)((d ahn)0)));;
("coïncident" "VER" (((k o)0)((ehn)0)((s i d)0))) 
("coïncident" "VER" (((k o)0)((ehn)0)((s i d)0)));;
("crawl" nil (((k rh o l)0))) 
("cérumen" nil (((s e)0)((rh y)0)((m eh n)0)))
("c_est" "nil" (((s eh)0))) ; et non k
("c_'étaient" nil ((("s" "e")0) (("t" "eh")0))); et non k
("c_'était" nil ((("s" "e")0) (("t" "eh")0))); et non k
("cuiller" nil (((k hw i)0)((j eh rh)0)))
("cul" nil (((k y)0)))

("d_NOM" "NOM" (((d e)0)))
("d_atlas" nil ((("d" "a") 0) (("t" "l" "a" s) 0)))
("d_ores_et_déjà" nil ((("d" "o" "rh") 0) (("z" "e") 0) (("d" "e") 0) (("zh" "a") 0))); locution
("d_un" nil (((d oen)0))); locution
("d_une" nil (((d y n)0))); locution
("daim" nil (((d ehn)0)))
("dan_NOM" "NOM" (((d a n) 0)))
("dans" nil (((d ahn) 0)))
("de" nil ((("d" ae) 0))) ; token_to_words
("des" nil (((d e) 0)))
("des_ART:def" "ART:def" ((("d" "a") 0)))
("des_ART:DEF" "ART:def" ((("d" "e") 0)))
("des_ART:def" "ART:def" ((("d" "e") 0)))

("des_PRE" "PRE" ((("d" "e") 0)));; erreur postlex
("deux" nil ((("d" "eu") 0)))
("dis-je" nil ((("d" "i")0)(("zh" "ae")0)))
("dix" NOM ((("d" "i" "s") 0))); postlex
("dix_neuf" nil ((("d" "i" "s") 0) (("n" "oe" f) 0)))
("docker" nil (((d oh)0)((k eh rh)0)))
("dolmen" nil (((d oh l)0)((m eh n)0)))
("droit" nil ((("d" "rh" "w" "a") 0)))
("dément" "VER" (((d e)0)((m ahn)0))) 
("eh_bien" nil (((e) 0) ((b j ehn) 0)))
("elles" nil ((("eh" "l") 0)))
("en" nil (((ahn)0)))
("en_effet" nil (((ahn) 0) ((n e) 0) ((f eh) 0)))
("enfer" nil (((ahn)0)((f eh rh)0)))
("es" nil ((("e") 0)))
("essaim" nil (((e s ehn)0)))
("essuietout" nil (((e)0)((s hw i)0)((t u)0)))
("est" "VER" ((("eh") 0)))
;("est_AUX" "AUX" ((("eh") 0))); /!\ à éliminer si tjrs bug de my_strict_lex.lookup
;("est_NAM" "NAM" ((("eh" s t) 0))); /!\ à éliminer si tjrs bug de my_strict_lex.lookup
;("est_NOM" "NOM" ((("eh" s t) 0))); /!\ à éliminer si tjrs bug de my_strict_lex.lookup
("est_ce" nil (((eh s) 0)))
("es" nil (((eh s) 0)))
("eut" nil ((("y")0)))
("examen" nil (((eh g)0)((z a)0)((m ehn)0)))
("express" nil (((eh k s)0)((p rh eh s)0)))
("faciès" nil ((("f" "a") 0) (("s" "j" "eh" "s") 0)))
("faim" nil (((f ehn)0)))
("femme" nil ((("f" "a" "m") 0)))
("flamenco" nil (((f l a)0)((m eh n)0)((k o)0)))
("fuchsia" nil (((f y)0)((sh j a)0)))
("fut" nil (((f "y")0)))
("gadget" nil (((g a d)0)((zh eh t)0)))
("gens" nil (((zh ahn)0)))
("goal" nil (((g o l)0)))
("guerilla" nil (((g e)0)((rh i)0)((j a)0)))
("gyrolaser" nil (((zh i)0)((rh o)0)((l a )0)((z eh rh)0)))
("haim" nil ((( "ehn")0))); pas de hh?
("haricot" nil ((("pau" "a") 0) (("rh" "i") 0) (("k" "o") 0)))
; ("heure" NOM ((("oe" "rh")0))); pourquoi pas ?
("hindi" nil (((i n)0)((d i)0)))
("hélas" "VER" ((("e") 0) (("l" "a") 0)))
("hélas" ONO ((("e") 0) (("l" "a" s) 0)))
("héro" NOM (((pau "e") 0) (("rh" o) 0)))
("héros" NOM (((pau "e") 0) (("rh" o) 0)))
("ice_blinck" NAM ((("a" "j") 0) (("s" "ae") 0) (("b" "l" "i" "n" "k") 0)))
("ice_cream" nil (((a j)0)((k rh i m)0)))
("igloo" nil (((i)0)((g l u)0)))
("il_y_a" nil (((i)0)((l "j" "a") 0)))
("ils" nil ((("i" "l") 0)))
("inconvénient" nil (((ehn)0)((k ohn)0)((v e)0)((n j ahn)0)))
("interview" nil (((ehn)0)((t eh rh)0)((v j u)0)))
("j_ai" nil (((zh e) 0)))
("j_en" nil (((zh ahn) 0)))
("jaguar" nil (((zh a g)0)((w a rh)0)))
("jamais" nil ((("zh" "a") 0) ((m eh) 0)))
("je" nil ((("zh" "ae") 0)))
;("jeunes_NOM" NOM ((("zh" "oe")0) (("n" "ae") 0)))
("jeune" NOM ((("zh" "oe" "n")0)))
("kaiser" nil (((k a j)0)((z eh rh)0)))
("kayak" nil (((k a j a k)0)))
("kumquat" nil (((k u m)0)((k w a t)0)))
("kung-fu" nil (((k u n g)0)((f u)0)))
("l_atlas" nil ((("l" "a") 0) (("t" "l" "a" s) 0)))
("l_autre_" nil (((l "o")0) (("t" "rh" ae) 0)))
("l_esclave" nil (((l "eh" "s") 0) (("k" "l" "a")0) (("v" ae) 0)))
("l_humain" nil (((l "y") 0) (("m" "ehn") 0)))
("l_urbain" nil ((("y" "rh") 0) (("b" "ehn") 0)))
("lady" nil (((l e d i)0)))
("laser" nil (((l a )0)((z eh rh)0)))
("le" nil ((("l" "ae") 0)))
("le" nil (((l ae)0)))
("lefebvre" nil (((l ae) 0) ((f eh)0) ((v rh ae) 0)))
("les" nil ((("l" "e") 0)))
("les_ART:def" "ART:def" ((("l" "e") 0)))
("lever" nil (((l ae)0)((v e)0)))
("lis" "NOM" ((("l" "i" "s") 0)))
("lis" "VER" ((("l" "i") 0)))
("low" nil (((l o) 0)))
("lumbago" nil (((l oe m)0)((b a)0)((g o)0)))
("lundi" nil (((l oen)0)((d i)0)))
("là" nil ((("l" "a") 0)))
("machefer" nil (((m a sh)0)((f eh rh)0)))
("mademoiselle" nil (((m a d)0)((m w a)0)((z eh l)0)))
("madre_de_dios" nil ((("m" "a") 0) (("d" "rh" "ae") 0) (("d" "ae") 0) (("d" "j" "oh" "s") 0)))
("maintient" nil (((m ehn) 0) ((t j ehn) 0)))
("marqueterie" nil (((m a rh)0)((k eh)0)((t ae)0)((rh i)0)))
("mat_ADJ" ADJ ((("m" a "t")0)))
("me" nil ((("m" "ae") 0)))
("ment" "VER" ((( m ahn)0)))
("mes" nil ((("m" "e") 0)))
("mesdames" nil (((m e)0)((d a m)0))) 
("messieurs" nil (((m e)0)((s j eu)0)))
("met-en" nil (((m e)0)((t ahn hh)0)))
("mets-en" nil (((m e)0)((z ahn hh)0)))
("mieux_être" nil((("m" "j" "eu") 0) ((z "eh") 0) (("t" "rh" "ae") 0)))
("milady" nil (((m i)0)((l e)0)((d i)0)))
("mis" nil ((("m" "i") 0)))
("moins" nil ((("m" "w" "ehn") 0)))
("moment" nil ((("m" "oh") 0)(("m" "ahn")0)))
("monsieur" nil (((m ae)0)((s j eu)0)))
("même" nil ((("m" "eh" "m") 0)))
("n_en" nil (((n ahn) 0)))
("n_y_en_a" nil (((n j ahn) 0)((n a)0)))
("ne" nil ((("n" ae) 0)))
;("neuf" nil ((("n" "oe" f) 0))); NON
("ni" nil ((("n" "i") 0)))
("nom" nil (((n ohn) 0)))
("non" nil (((n ohn) 0)))
("nous" nil ((("n" "u") 0)))
("nul" nil ((("n" "y" "l") 0)))
; ("oeuf" nil (((oe f)0))); NON
;("oeufs" "NOM" (((eu)0)))
("oeuvre" nil ((("oe")0) (("v" "rh") 0)))
("oh" nil ((("oh") 0)))
("ont" nil ((("ohn") 0)))
("oseille" nil (((o)0)((z eh j)0)))
("oui" nil (((w i)0)))
("ours" "NOM" (((u rh s)0)))
("outremer" nil (((u t rh)0)((m eh rh)0)))
("où" nil (((u)0)))
("panzer" nil(((p ahn)0)((z eh rh)0)))
("parasol" nil (((p a)0)((rh a)0) ((s oh l )0)))
("pare" "VER" (((p a rh)0)))
;("parent" "NOM" (((p a)0)((rh ahn)0))); homo
("parviens" nil (((p a rh v j ehn)0)))
("parvient" nil (((p a rh v j ehn)0)))
("patatrac" nil (((p a)0)((t a)0)((t rh a)0)))
("penalty" nil (((p e)0)((n a l)0)((t i)0)))
("pente" nil (((p ahn)0)((t ae)0)))
("perd" nil ((( p eh rh)0)))
;("perds" nil ((( p eh rh)0)))
("peso" nil ((( p e)0) ((s o)0)))
("pesos" nil ((( p e)0) ((s o s)0)))
("peu" nil ((("p" "eu") 0)))
("plus" "VER" (((p "l" "y")0))) 
("pour" nil ((("p" "u" "rh") 0)))
("pourquoi" nil ((("p" "u" "rh") 0) (("k" "w" "a") 0)))
("pouvoir" nil ((("p" "u") 0) (("v" "w" "a" "rh") 0))) ; et non pas NOM locution de manière à
("primesautier" nil (((p rh i m)0)((s o)0)((t j e)0)))
("primesautière" nil (((p rh i m)0)((s o)0)((t j eh rh)0)))
("processus" nil ((("p" "rh" "oh")0)(("s" e)0)(("s" "y" s)0))) 
("puy" nil (((p hw i)0)))
("qu_a-t-il" nil (((k a) 0)(("t" "i" l) 0)))
("quaker" nil (((k w a)0)((k eh rh)0)))
("quaternaire" nil (((k w a)0)((t eh rh)0)((n eh rh)0)))
("que" nil ((("k" ae)0)))
("quelque" nil ((("k" "eh" "l") 0) (("k" "ae") 0)))
("quelques_uns" nil (((k e l)0)((k ae)0)((z oen)0)))
("qui" nil ((("k" "i") 0)))
("quiconque_" nil ((("k" "i") 0) (("k" "ohn")0) (("k" ae) 0)))
("quid" nil (((k w i d) 0)))
("quoi" nil ((("k" "w" "a") 0)))
("rabat_joie" nil ((("rh" "a") 0) (("b" "a") 0) (("zh" "w" "a") 0)))
("reddition" nil (((rh eh )0)((d i)0)((s j ohn)0)))
("rendez-vous" nil (((rh ahn) 0) ((d e) 0) ((v u) 0)))
("réexamen" nil (((rh e)0)((eh g)0)((z a)0)((m ehn)0)))  
("röntgen" nil (((rh oen)0)((g oe n)0)))
("s_" nil ((("s") 0)))
("s_il" nil ((("s" "i" "l") 0)))
("scrabble" nil (((s k rh a)0)((b oe l)0)))
("se" nil ((("s" "ae") 0)))
("secreta" nil (((s ae)0)((k rh ae)0)(( t a)0)))
("sens" "NAM" ((("s" "ahn" "s")0)))
("sens" "NOM" ((("s" "ahn" "s")0)))
("sens" "VER" ((("s" ahn)0)))
("sera" nil ((("s" "ae") 0)((rh a)0)))
("serpent" nil ((("s" "eh" "rh") 0)((p ahn)0)))
("sers" nil (((s eh rh)0)))
("ses" nil ((("s" "e") 0)))
("seul" nil ((("s" "oe" l)0)))
("seule" nil ((("s" "oe" l)0)))
("si" nil ((("s" "i") 0)))
("six" nil ((("s" "i" "s") 0))); postlex
("solennel" nil (((s oh)0)((l a)0)((n eh l)0)))       
("solennelle" nil (((s oh)0)((l a)0)((n eh l)0)))
("somnolent" "ADJ" ((("s" oh "m")0)((n o)0)(("l" "ahn")0)))
("somnolent" "VER" ((("s" oh "m")0)((n o l)0)))
("sont" nil ((("s" "ohn") 0)))
("soutient" nil (((s u) 0) ((t j ehn)0)))
("soyon" nil ((("s" "w" "a") 0) (("j" "ohn") 0)))
("soyons" nil ((("s" "w" "a") 0) (("j" "ohn") 0)))
("speakerine" nil (((s p i)0)((k rh i n)0)))
("stand" nil (((s t ahn d)0)))
("steak" nil (((s t eh k)0)))
("suez_NAM" "NAM" (((s y)0)((eh z)0)))
("suez_NOM" "NOM" (((s y)0)((eh z)0)))
("suez_VER" "VER" (((s y)0)((e)0)))
("suis" nil (((s hw i) 0)))
("suivant" nil ((("s" "hw" "i") 0) (("v" "ahn") 0)))
("surf" nil (((s oe rh f)0))) 
("t_es" nil ((("t" eh) 0)))
("tabac" nil (((t a)0)((b a)0)))
("tanker" nil (((t ahn)0)((k eh rh)0))) 
("te" nil ((("t" "ae") 0)))
("tech" nil (((t eh k)0)))  
("techtonique" nil (((t eh k)0)((t o)0)((n i k)0))) 
("temps" nil (((t ahn) 0)))
("tes" nil ((("t" "e") 0)))
("thym" nil (((t ehn)0)))
("toast" nil (((t o s t)0)))
("tomahawk" nil (((t oh)0)((m a)0)((o k)0)))
("toujours" nil ((("t" "u") 0) (("zh" "u" "rh") 0)))
("tout_au_plu" nil ((("t" "u") 0) (("t" "o") 0) (("p" "l" "y" "s") 0)))
("tout_d_abord" nil (((t u)0)((d "a") 0) (("b" "oh" "rh") 0)))
("travelling" nil (((t rh a)0)((v l i n g)0)))
;("un" "ART:ind" ((("oen")0))); pourquoi pas ?
("un_autre" nil ((("oen")0)((n "o")0) (("t" "rh" ae) 0)))
("varech" nil (((v a)0)((rh eh k)0)))
("vient" "VER" (((v j ehn)0)))
("vingt_deux" nil (((v ehn) 0) ((t e) 0) ((oen) 0)))
("vingt_et_un" nil (((v ehn) 0) ((t e) 0) ((oen) 0)))
("vis" "NOM" ((("v" "i" "s") 0)))
("vis" "VER" ((("v" "i") 0)))
("vous" nil ((("v" "u") 0)))
("voyage" "nil" ((("v" "w" "a") 0) (("j" "a" "zh") 0)))
("vraiment" nil (((v rh eh)0) ((m ahn)0)))
("weber" nil ((( v e)0)((b eh rh)0)))
("yaourt" nil (((j a )0)((u rh t)0)))  
("z_en" nil (((z ahn) 0)))
("zan" nil (((z ahn)0)))
("zinc" nil (((z ehn g)0))) 
("éclairant" "nil" ((("e") 0) (("k" "l" "eh") 0) (("rh" "ahn") 0)))
("éther" nil (((e)0)((t eh rh)0)))
("étions-nou" nil (((e)0)((t j ohn)0)((n u)0))) 
("êtes-vous" nil ((("eh" t) 0)((v u) 0)))
("être" nil ((("eh") 0) (("t" "rh" ae) 0)))
; ("cassis" nil ((("k" "a") 0) (("s" "i" "s") 0)))
; ("fils" nil ((("f" "i" "l") 0))); homo
;("bis" nil ((("b" "i" "s") 0))) ; homo

