; /home/dop7/MyDevelop/Voices/french_EXP2_70/LANGandDICT/dicts_INST_LANG_dict.out
MNCL
( "_a" nil (a0 ))
( "_e" nil (ae0 ))
( "_i" nil (i0 ))
( "_o" nil (o0 ))
( "_oi" nil (w a0 ))
( "_oin" nil (w ehn0 ))
( "_on" nil (ohn0 ))
( "_or" nil (oh rh0 ))
( "_ou" nil (u0 ))
( "_u" nil (y0 ))
( "_y" nil (i0 ))
( "_yo" nil (j o0 ))
( "a" nil (a0 ))
( "a-t-il" VER (a0 t i0 l ))
( "a_fortiori" ADV (a0 f oh0 rh s j oh0 rh i0 ))
( "ab_initio" ADV (a0 b i0 n i0 s j o0 ))
( "ab_irato" ADV (a0 b i0 rh a0 t o0 ))
( "ab_ovo" ADV (a0 b o0 v o0 ))
( "abbaye" nil (a0 b e0 i0 ))
( "abdomen" nil (a0 b d oh0 m eh0 n ))
( "abrivent" NOM (a0 b rh i0 v ahn0 ))
( "abrupt" nil (a0 b rh y0 p t ))
( "abrupti" nil (a0 b rh y0 t i0 ))
( "abstient" nil (a0 p s t j ehn0 ))
( "accent" NOM (a0 k s ahn0 ))
( "acquit_à_caution" NOM (a0 k i0 t a0 k o0 s j ohn0 ))
( "acupuncteur" nil (a0 k y0 p ohn0 k t oe0 rh ))
( "ad_hoc" ADV (a0 d oh0 k ))
( "ad_hominem" ADV (a0 d oh0 m i0 n eh0 m ))
( "ad_honores" ADV (o0 n o0 rh eh0 s ))
( "ad_infinitum" nil (a0 d ehn0 f i0 n i0 t oh0 m ))
( "ad_patres" nil (a0 d p a0 t rh eh0 s ))
( "advient" VER (a0 d v j ehn0 ))
( "afin_d" nil (a0 f ehn0 ))
( "afin_qu" nil (a0 f ehn0 ))
( "after_shave" NOM (a0 f t oe0 rh sh eh0 v ))
( "agenda" nil (a0 zh ehn0 d a0 ))
( "agnus_castus" NOM (a0 g n y0 s k a0 s t y0 s ))
( "ai" nil (eh0 ))
( "ailé" nil (eh0 l e0 ))
( "ailée" nil (eh0 l e0 ))
( "air_bag" NOM (eh0 rh b a0 g ))
( "al_dente" ADV (a0 l d ahn0 t e0 ))
( "albatros" nil (a0 l b a0 t rh oh0 s ))
( "alea_jacta_est" ONO (a0 l e0 a0 zh a0 k t a0 eh0 s t ))
( "alias" nil (a0 l j a0 s ))
( "alors_qu" nil (a0 l oh0 rh ))
( "aloès" nil (a0 l oh0 eh0 s ))
( "alès" nil (a0 l eh0 ))
( "ampli_tuner" NOM (ahn0 p l i0 t y0 n eh0 rh ))
( "antarctique" nil (ahn0 t a0 rh k t i0 k ))
( "antienne" nil (ahn0 s j eh0 n ))
( "antitabac" nil (ahn0 t i0 t a0 b a0 ))
( "apens" nil (a0 p ahn0 ))
( "appartient" nil (a0 p a0 rh t j ehn0 ))
( "argent" nil (a0 rh zh ahn0 ))
( "arès" nil (a0 rh eh0 ))
( "assez" nil (a0 s e0 ))
( "atlas" nil (a0 t l a0 s ))
( "aucun" nil (o0 k oen0 ))
( "auroch" nil (o0 rh oh0 k ))
( "aussitôt" nil (o0 s i0 t o0 ))
( "autobus" nil (o0 t o0 b y0 ))
( "autre" nil (o0 t rh ))
( "aux_aguet" ADV (o0 z a0 g eh0 ))
( "avant_hier" ADV (a0 v ahn0 t i0 j eh0 rh ))
( "ave" nil (a0 v e0 ))
( "avec" nil (a0 v eh0 k ))
( "aérosol" nil (a0 e0 rh o0 s oh0 l ))
( "baby" nil (b e0 b i0 ))
( "banjo" nil (b ahn0 d zh o0 ))
( "ben" NAM (b eh0 n ))
( "ben" ONO (b ehn0 ))
( "bien" nil (b j ehn0 ))
( "bien_qu" nil (b j ehn0 ))
( "biens" nil (b j ehn0 ))
( "boat_people" nil (b oh0 t p i0 p oh0 l ))
( "boeuf" nil (b oe0 f ))
( "boeufs" nil (b eu0 ))
( "bombyx" nil (b ohn0 b i0 k s ))
( "bon" nil (b ohn0 ))
( "bons_à_rien" nil (b ohn0 a0 rh j ehn0 ))
( "boomerang" nil (b u0 m rh ahn0 g ))
( "booster" nil (b u0 s t eh0 rh ))
( "bowling" nil (b u0 l i0 n g ))
( "brayant" nil (b rh a0 j ahn0 ))
( "break" nil (b rh eh0 k ))
( "brisé" nil (b rh i0 z e0 ))
( "brisée" nil (b rh i0 z e0 ))
( "building" nil (b y0 l d i0 n g ))
( "bungalow" nil (b oen0 g a0 l o0 ))
( "bus" NOM (b y0 s ))
( "bus" VER (b y0 ))
( "by_night" nil (b a0 j n a0 j t ))
( "c_est" nil (s eh0 ))
( "c_étaient" nil (s e0 t eh0 ))
( "c_était" nil (s e0 t eh0 ))
( "cabus" nil (k a0 b y0 ))
( "ce" nil (s ae0 ))
( "celle_ci" nil (s eh0 l s i0 ))
( "cerf" nil (s eh0 rh ))
( "certain" nil (s eh0 rh t ehn0 ))
( "certaine" nil (s eh0 rh t eh0 n ))
( "certaines" nil (s eh0 rh t eh0 n ))
( "certains" nil (s eh0 rh t ehn0 ))
( "ces" nil (s e0 ))
( "cet" ADJ:dem (s eh0 ))
( "ceux-ci" nil (s eu0 s i0 ))
( "chacun" nil (sh a0 k oen0 ))
( "check_up" NOM (sh eh0 k oe0 p ))
( "chef_d_oeuvre" NOM (sh e0 d oe0 v rh ))
( "chez" nil (sh e0 ))
( "cinq_ADJ:num" ADJ:num (s ehn0 ))
( "clown" nil (k l u0 n ))
( "clownerie" nil (k l u0 n rh i0 ))
( "clownesse" nil (k l u0 n eh0 s ))
( "cocker" nil (k oh0 k eh0 rh ))
( "coeur" nil (k oe0 rh ))
( "coffee_shop" NOM (k o0 f i0 sh oh0 p ))
( "comment" nil (k oh0 m ahn0 ))
( "content" ADJ (k ohn0 t ahn0 ))
( "content" VER (k ohn0 t ))
( "contient" nil (k ohn0 t j ehn0 ))
( "contrevient" VER (k ohn0 t rh ae0 v j ehn0 ))
( "corner" nil (k oh0 rh n eh0 rh ))
( "corp" nil (k oh0 rh ))
( "corps" nil (k oh0 rh ))
( "corps" nil (k oh0 rh ))
( "cost" nil (k oh0 s t ae0 ))
( "cosy" nil (k oh0 z i0 ))
( "cot_cot_codec" ONO (k oh0 t k oh0 t k o0 d eh0 k ))
( "cotignac" nil (k o0 t i0 jg a0 ))
( "couvent" NOM (k u0 v ahn0 ))
( "couvent" VER (k u0 v ))
( "coïncident" ADJ (k o0 ehn0 s i0 d ahn0 ))
( "coïncident" VER (k o0 ehn0 s i0 d ))
( "crawl" nil (k rh o0 l ))
( "crois-moi" nil (k rh w a0 m w a0 ))
( "cuiller" nil (k hw0 i0 j eh0 rh ))
( "cul" nil (k y0 ))
( "cérumen" nil (s e0 rh y0 m eh0 n ))
( "d_a" nil (d a0 ))
( "d_an" nil (d ahn0 ))
( "d_e" nil (d ae0 ))
( "d_eau" nil (d o0 ))
( "d_en" nil (d ahn0 ))
( "d_i" nil (d i0 ))
( "d_ire" nil (d i0 rh ))
( "d_o" nil (d o0 ))
( "d_oeil" nil (d oe0 j pau ))
( "d_oi" nil (d w a0 ))
( "d_oin" nil (d w ehn0 ))
( "d_on" nil (d ohn0 ))
( "d_or" nil (d oh rh0 ))
( "d_or" nil (d oh0 rh ))
( "d_ores_et_déjà" nil (d o0 rh z e0 d e0 zh a0 ))
( "d_ou" nil (d u0 ))
( "d_u" nil (d y0 ))
( "d_u" nil (d y0 ))
( "d_y" nil (d i0 ))
( "d_yo" nil (d j o0 ))
( "daim" nil (d ehn0 ))
( "dan" NOM (d a0 n ))
( "dans" nil (d ahn0 ))
( "de" nil (d ae0 ))
( "de_plu" ADV (d ae0 p l y0 ))
( "de_visu" ADV (d ae0 v i0 z y0 ))
( "des" nil (d e0 ))
( "deu" ADJ:num (d eu0 ))
( "deus_ex_machina" NOM (d e0 u0 s eh0 k s m a0 sh i0 n a0 ))
( "deux" nil (d eu0 ))
( "dis-je" nil (d i0 zh ae0 ))
( "dix" NOM (d i0 s ))
( "dix_neuf" nil (d i0 s n oe0 f ))
( "docker" nil (d oh0 k eh0 rh ))
( "dolmen" nil (d oh0 l m eh0 n ))
( "donne-moi" nil (d oh0 n m w a0 ))
( "doux-amer_ADJ" ADJ (d u0 a0 m eh0 rh ))
( "droit" nil (d rh w a0 ))
( "dément" VER (d e0 m ahn0 ))
( "eh_bien" nil (e0 b j ehn0 ))
( "elles" nil (eh0 l ))
( "en" nil (ahn0 ))
( "en_avant" ADV (ahn0 n a0 v ahn0 ))
( "en_catimini" ADV (ahn0 k a0 t i0 m i0 n i0 ))
( "en_effet" nil (ahn0 n e0 f eh0 ))
( "en_suspens" nil (ahn0 s y0 s p ahn0 ))
( "en_tapinois" ADV (ahn0 t a0 p i0 n w a0 ))
( "en_tête" ADV (ahn0 t eh0 ))
( "en_étant" ADV (ahn0 n e0 t ahn0 ))
( "enfant_ci" nil (ahn0 f ahn0 s i0 ))
( "enfer" nil (ahn0 f eh0 rh ))
( "es" VER (eh0 ))
( "es" nil (eh0 s ))
( "essaim" nil (e0 s ehn0 ))
( "essuietout" nil (e0 s hw0 i0 t u0 ))
( "est" VER (eh0 ))
( "est_ce" nil (eh0 s ))
( "est_à_dire" VER (eh0 t a0 d i0 rh ))
( "et_caetera" ADV (eh0 t t s e0 t e0 rh a0 ))
( "et_cetera" ADV (eh0 t t s e0 t e0 rh a0 ))
( "et_hop" ONO (e0 oh0 p ))
( "eut" nil (y0 ))
( "examen" nil (eh0 g z a0 m ehn0 ))
( "express" nil (eh0 k s p rh eh0 s ))
( "faciès" nil (f a0 s j eh0 s ))
( "faim" nil (f ehn0 ))
( "femme" nil (f a0 m ))
( "flamenco" nil (f l a0 m eh0 n k o0 ))
( "français" nil (f rh ahn0 s eh0 ))
( "française" nil (f rh ahn0 s eh0 z ))
( "fuchsia" nil (f y0 sh j a0 ))
( "fut" nil (f y0 ))
( "gadget" nil (g a0 d zh eh0 t ))
( "gagne_t_il" nil (g a0 jg ae0 t i0 l ))
( "gens" nil (zh ahn0 ))
( "goal" nil (g o0 l ))
( "guerilla" nil (g e0 rh i0 j a0 ))
( "guet_apen" NOM (g e0 t a0 p ahn0 ))
( "gyrolaser" nil (zh i0 rh o0 l a0 z eh0 rh ))
( "gêne" nil (zh eh0 n ))
( "haim" nil (ehn0 ))
( "haricot" nil (pau a0 rh i0 k o0 ))
( "has_been" NOM (a0 s b i0 n ))
( "hindi" nil (i0 n d i0 ))
( "huis_clos" nil (hw0 i0 k l o0 ))
( "hélas" ONO (e0 l a0 s ))
( "hélas" VER (e0 l a0 ))
( "héro" NOM (pau e0 rh o0 ))
( "héros" NOM (pau e0 rh o0 ))
( "ice_blinck" NAM (a0 j s ae0 b l i0 n k ))
( "ice_cream" nil (a0 j k rh i0 m ))
( "igloo" nil (i0 g l u0 ))
( "il_y_a" nil (i0 l j a0 ))
( "ils" nil (i0 l ))
( "inch_allah" ONO (i0 n sh a0 l a0 ))
( "inconvénient" nil (ehn0 k ohn0 v e0 n j ahn0 ))
( "interview" nil (ehn0 t eh0 rh v j u0 ))
( "intra_muro" ADV (ehn0 t rh a0 m y0 rh o0 s ))
( "intra_muros" ADV (i0 n t rh a0 m y0 rh oh0 s ))
( "j_a" nil (zh a0 ))
( "j_ai" nil (zh e0 ))
( "j_e" nil (zh ae0 ))
( "j_en" nil (zh ahn0 ))
( "j_i" nil (zh i0 ))
( "j_o" nil (zh o0 ))
( "j_oi" nil (zh w a0 ))
( "j_oin" nil (zh w ehn0 ))
( "j_on" nil (zh ohn0 ))
( "j_or" nil (zh oh rh0 ))
( "j_ou" nil (zh u0 ))
( "j_u" nil (zh y0 ))
( "j_y" nil (zh i0 ))
( "j_yo" nil (zh j o0 ))
( "jaguar" nil (zh a0 g w a0 rh ))
( "jamais" nil (zh a0 m eh0 ))
( "je" nil (zh ae0 ))
( "jeu" nil (zh eu0 ))
( "jeune" NOM (zh oe0 n ))
( "jusque_devant" PRE (zh y0 s k ae0 d ae0 v ahn0 ))
( "kaiser" nil (k a0 j z eh0 rh ))
( "kayak" nil (k a0 j a0 k ))
( "kumquat" nil (k u0 m k w a0 t ))
( "kung-fu" nil (k u0 n g f u0 ))
( "l_a" nil (l a0 ))
( "l_an" nil (l ahn0 ))
( "l_atlas" nil (l a0 t l a0 s ))
( "l_autre_" nil (l o0 t rh ae0 ))
( "l_autre_" nil (l o0 t rh ae0 ))
( "l_e" nil (l ae0 ))
( "l_eau" nil (l o0 ))
( "l_en" nil (l ahn0 ))
( "l_esclave" nil (l eh0 s k l a0 v ae0 ))
( "l_esclave" nil (l eh0 s k l a0 v ae0 ))
( "l_humain" nil (l y0 m ehn0 ))
( "l_humain" nil (l y0 m ehn0 ))
( "l_i" nil (l i0 ))
( "l_ire" nil (d i0 rh ))
( "l_o" nil (l o0 ))
( "l_oeil" nil (l oe0 j pau ))
( "l_oi" nil (l w a0 ))
( "l_oil" nil (l w ehl0 ))
( "l_ol" nil (l ohl0 ))
( "l_or" nil (l oh rh0 ))
( "l_or" nil (l oh0 rh ))
( "l_ores_et_déjà" nil (l o0 rh z e0 d e0 zh a0 ))
( "l_ou" nil (l u0 ))
( "l_u" nil (d y0 ))
( "l_u" nil (l y0 ))
( "l_une" nil (l y0 n ))
( "l_urbain" nil (l y0 rh b ehn0 ))
( "l_urbain" nil (l y0 rh b ehn0 ))
( "l_y" nil (l i0 ))
( "l_yo" nil (l j o0 ))
( "lady" nil (l e0 d i0 ))
( "laser" nil (l a0 z eh0 rh ))
( "le" nil (l ae0 ))
( "lefebvre" nil (l ae0 f eh0 v rh ae0 ))
( "les" nil (l e0 ))
( "lever" nil (l ae0 v e0 ))
( "lis" NOM (l i0 s ))
( "lis" VER (l i0 ))
( "low" nil (l o0 ))
( "lumbago" nil (l oe0 m b a0 g o0 ))
( "lundi" nil (l oen0 d i0 ))
( "là" nil (l a0 ))
( "m_a" nil (m a0 ))
( "m_e" nil (m ae0 ))
( "m_i" nil (m i0 ))
( "m_o" nil (m o0 ))
( "m_oi" nil (m w a0 ))
( "m_oin" nil (m w ehn0 ))
( "m_on" nil (m ohn0 ))
( "m_or" nil (m oh rh0 ))
( "m_ou" nil (m u0 ))
( "m_u" nil (m y0 ))
( "m_y" nil (m i0 ))
( "m_yo" nil (m j o0 ))
( "machefer" nil (m a0 sh f eh0 rh ))
( "mademoiselle" nil (m a0 d m w a0 z eh0 l ))
( "madre_de_dios" nil (m a0 d rh ae0 d e0 d j oh0 s ))
( "maintient" nil (m ehn0 t j ehn0 ))
( "manquerè" nil (m ahn0 k ae0 rh eh0 ))
( "marqueterie" nil (m a0 rh k eh0 t ae0 rh i0 ))
( "mat" ADJ (m a0 t ))
( "me" nil (m ae0 ))
( "ment" VER (m ahn0 ))
( "mes" nil (m e0 ))
( "mesdames" nil (m e0 d a0 m ))
( "messieurs" nil (m e0 s j eu0 ))
( "messieurs_dames" NOM (m e0 s j oe0 d a0 m ))
( "met-en" nil (m e0 t ahn0 hh0 ))
( "mets-en" nil (m e0 z ahn0 hh0 ))
(  " nil (m j eu0 z eh0 t rh ))
( "mieux_être" nil (m j eu0 z eh0 t rh ae0 ))
( "milady" nil (m i0 l e0 d i0 ))
( "mis" nil (m i0 ))
( "mobilis_in_mobile" NOM (m oh0 b i0 l i0 s i0 n m o0 b i0 l e0 ))
( "moi_même" PRO:per (m w a0 m eh0 m ))
( "moins" nil (m w ehn0 ))
( "moment" nil (m oh0 m ahn0 ))
( "monsieur" nil (m ae0 s j eu0 ))
( "moyen_orient" nil (m w a0 j eh0 n oh0 rh j ahn0 ))
( "même" nil (m eh0 m ))
( "n_a" nil (n a0 ))
( "n_e" nil (n ae0 ))
( "n_en" nil (n ahn0 ))
( "n_i" nil (n i0 ))
( "n_importe_quoi" nil (n ehn0 p oh0 rh t ae0 k w a0 ))
( "n_o" nil (n o0 ))
( "n_oi" nil (n w a0 ))
( "n_oin" nil (n w ehn0 ))
( "n_on" nil (n ohn0 ))
( "n_or" nil (n oh rh0 ))
( "n_ou" nil (n u0 ))
( "n_u" nil (n y0 ))
( "n_y" nil (n i0 ))
( "n_y_en_a" nil (n j ahn0 n a0 ))
( "n_yo" nil (n j o0 ))
( "ne" nil (n ae0 ))
( "neuf" nil (n oe0 ))
( "neuf_an" nil (n oe0 v ahn0 ))
( "neuf_heures" nil (n oe0 v oe0 rh ))
( "ni" nil (n i0 ))
( "nom" nil (n ohn0 ))
( "non" nil (n ohn0 ))
( "nor_nor_est" ADV (n oh0 rh n oh0 rh eh0 s t ))
( "nota_bene" NOM (n o0 t a0 b e0 n e0 ))
( "nous" nil (n u0 ))
( "nul" nil (n y0 l ))
( "oeil" nil (oe0 j pau ))
( "oeuvre" nil (oe0 v rh ))
( "oh" nil (oh0 ))
( "ont" nil (ohn0 ))
( "oseille" nil (o0 z eh0 j ))
( "oui" nil (w i0 ))
( "ours" NOM (u0 rh s ))
( "outremer" nil (u0 t rh m eh0 rh ))
( "où" nil (u0 ))
( "panzer" nil (p ahn0 z eh0 rh ))
( "parasol" nil (p a0 rh a0 s oh0 l ))
( "pare" VER (p a0 rh ))
( "parviens" nil (p a0 rh v j ehn0 ))
( "parvient" nil (p a0 rh v j ehn0 ))
( "patatrac" nil (p a0 t a0 t rh a0 ))
( "penalty" nil (p e0 n a0 l t i0 ))
( "pente" nil (p ahn0 t ae0 ))
( "perd" nil (p eh0 rh ))
( "peso" nil (p e0 s o0 ))
( "pesos" nil (p e0 s o0 s ))
( "peu" nil (p eu0 ))
( "pic_vert" NOM (p i0 v eh0 rh ))
( "pit_bull" NOM (p i0 t b u0 l ))
( "plus" VER (p l y0 ))
( "portions-nou" nil (p oh0 rh t j ohn0 n u0 ))
( "post_it" NOM (p oh0 s t i0 t ))
( "post_scriptum" NOM (p oh0 s t s k rh i0 p t oh0 m ))
( "pour" nil (p u0 rh ))
( "pourquoi" nil (p u0 rh k w a0 ))
( "pouvoir" nil (p u0 v w a0 rh ))
( "prends-en" nil (p rh ahn0 z ahn0 ))
( "prime_sautier" nil (p rh i0 m s o0 t j e0 ))
( "prime_sautière" nil (p rh i0 m s a0 t j eh0 rh ))
( "primesautier" nil (p rh i0 m s o0 t j e0 ))
( "primesautière" nil (p rh i0 m s o0 t j eh0 rh ))
( "processus" nil (p rh oh0 s e0 s y0 s ))
( "puy" nil (p hw0 i0 ))
( "qu_a-t-il" nil (k a0 t i0 l ))
( "quaker" nil (k w a0 k eh0 rh ))
( "quant_au" nil (k ahn0 t o0 ))
( "quant_à" nil (k ahn0 t a0 ))
( "quaternaire" nil (k w a0 t eh0 rh n eh0 rh ))
( "que" nil (k ae0 ))
( "quelqu_un" nil (k e0 l k ehn0 ))
( "quelque" nil (k eh0 l k ae0 ))
( "quelques_un" nil (k e0 l k ae0 z ehn0 ))
( "quelques_uns" PRO:ind (k eh0 l k ae0 z oen0 ))
( "quelques_uns" nil (k e0 l k ae0 z oen0 ))
( "qui" nil (k i0 ))
( "qui" nil (k i0 ))
( "quiconque_" nil (k i0 k ohn0 k ae0 ))
( "quid" nil (k w i0 d ))
( "quoi" nil (k w a0 ))
( "rabat_joie" nil (rh a0 b a0 zh w a0 ))
( "rations-nou" nil (rh a0 t j ohn0 n u0 ))
( "reddition" nil (rh eh0 d i0 s j ohn0 ))
( "rendez-vous" nil (rh ahn0 d e0 v u0 ))
( "resterè" nil (rh eh0 s t ae0 rh eh0 ))
( "réexamen" nil (rh e0 eh0 g z a0 m ehn0 ))
( "röntgen" nil (rh oen0 g oe0 n ))
( "s_" nil (s ))
( "s_a" nil (s a0 ))
( "s_e" nil (s ae0 ))
( "s_i" nil (s i0 ))
( "s_il" nil (s i0 l ))
( "s_o" nil (s o0 ))
( "s_oi" nil (s w a0 ))
( "s_oin" nil (s w ehn0 ))
( "s_on" nil (s ohn0 ))
( "s_or" nil (s oh rh0 ))
( "s_ou" nil (s u0 ))
( "s_u" nil (s y0 ))
( "s_y" nil (s i0 ))
( "s_yo" nil (s j o0 ))
( "saint_esprit" NOM (s ehn0 t eh0 s p rh i0 ))
( "saint_paul" NAM (s ehn0 p o0 l ))
( "scrabble" nil (s k rh a0 b oe0 l ))
( "se" nil (s ae0 ))
( "secreta" nil (s ae0 k rh ae0 t a0 ))
( "sens" NAM (s ahn0 s ))
( "sens" NOM (s ahn0 s ))
( "sens" VER (s ahn0 ))
( "sera" nil (s ae0 rh a0 ))
( "serpent" nil (s eh0 rh p ahn0 ))
( "sers" nil (s eh0 rh ))
( "sers-en" nil (s eh0 rh z ahn0 ))
( "serè" nil (s ae0 rh eh0 ))
( "ses" nil (s e0 ))
( "seul" nil (s oe0 l ))
( "seule" nil (s oe0 l ))
( "si" nil (s i0 ))
( "sine_qua_non" ADJ (s i0 n e0 k w a0 n oh0 n ))
( "six" nil (s i0 s ))
( "soeur" nil (s oe0 rh ))
( "soixante_et_un" nil (s w a0 s ahn0 t e0 oen0 ))
( "solennel" nil (s oh0 l a0 n eh0 l ))
( "solennelle" nil (s oh0 l a0 n eh0 l ))
( "somnolent" ADJ (s oh0 m n o0 l ahn0 ))
( "somnolent" VER (s oh0 m n o0 l ))
( "sont" nil (s ohn0 ))
( "soutient" nil (s u0 t j ehn0 ))
( "soyon" nil (s w a0 j ohn0 ))
( "soyons" nil (s w a0 j ohn0 ))
( "speakerine" nil (s p i0 k rh i0 n ))
( "stand" nil (s t ahn0 d ))
( "steak" nil (s t eh0 k ))
( "suez" NAM (s y0 eh0 z ))
( "suez" NOM (s y0 eh0 z ))
( "suez" VER (s y0 e0 ))
( "suis" nil (s hw0 i0 ))
( "suivant" nil (s hw0 i0 v ahn0 ))
( "surf" nil (s oe0 rh f ))
( "t_a" nil (t a0 ))
( "t_e" nil (t ae0 ))
( "t_en_guerre" nil (t ahn0 g eh0 rh ))
( "t_es" nil (t eh0 ))
( "t_i" nil (t i0 ))
( "t_il" nil (t i0 l ))
( "t_o" nil (t o0 ))
( "t_oi" nil (t w a0 ))
( "t_oin" nil (t w ehn0 ))
( "t_on" nil (t ohn0 ))
( "t_or" nil (t oh rh0 ))
( "t_ou" nil (t u0 ))
( "t_u" nil (t y0 ))
( "t_y" nil (t i0 ))
( "t_yo" nil (t j o0 ))
( "tabac" nil (t a0 b a0 ))
( "tanker" nil (t ahn0 k eh0 rh ))
( "tchin_tchin" ONO (t sh i0 n sh i0 n ))
( "te" nil (t ae0 ))
( "tech" nil (t eh0 k ))
( "techtonique" nil (t eh0 k t o0 n i0 k ))
( "temps" nil (t ahn0 ))
( "tes" nil (t e0 ))
( "thym" nil (t ehn0 ))
( "toast" nil (t o0 s t ))
( "tomahawk" nil (t oh0 m a0 o0 k ))
( "too_much" ADJ (t u0 m y0 t sh ))
( "toujours" nil (t u0 zh u0 rh ))
( "tout_au_plu" nil (t u0 t o0 p l y0 s ))
( "tout_au_plus" ADV (t u0 t o0 p l y0 s ))
( "tout_autant" ADV (t u0 t o0 t ahn0 ))
( "tout_d_abord" nil (t u0 d a0 b oh0 rh ))
( "tout_ou-rien" nil (t u0 t u0 rh j ehn0 ))
( "tout_à_chacun" ADV (t u0 t a0 sh a0 k oen0 ))
( "tout_à_coup" ADV (t u0 t a0 k u0 ))
( "travelling" nil (t rh a0 v l i0 n g ))
( "trop" nil (t rh o0 ))
( "un_autre" nil (oen0 n o0 t rh ae0 ))
( "un_à_un" nil (oen0 n a0 oen0 ))
( "va_t_en_guerre" NOM (v a0 t ahn0 g eh0 rh ))
( "va_te_laver" NOM (v a0 t ae0 l a0 v e0 ))
( "vade_retro" ADV (v a0 d e0 rh e0 t rh o0 ))
( "varech" nil (v a0 rh eh0 k ))
( "vient" VER (v j ehn0 ))
( "vingt_deux" nil (v ehn0 t e0 oen0 ))
( "vingt_et_un" ADJ (v ehn0 t e0 oen0 ))
( "vingt_et_un" nil (v ehn0 t e0 oen0 ))
( "vis" NOM (v i0 s ))
( "vis" VER (v i0 ))
( "vis_à_vis" PRE (v i0 z a0 v i0 ))
( "votera-t-il" nil (v oh0 t ae0 rh a0 t i0 l ))
( "votr_ami" nil (v oh0 t rh a0 m ahn0 ))
( "vous" nil (v u0 ))
( "voyage" nil (v w a0 j a0 zh ))
( "vraiment" nil (v rh eh0 m ahn0 ))
( "wait_and_see" NOM (w eh0 t eh0 n s i0 ))
( "way_of_life" NOM (w eh0 oh0 v l a0 j f ))
( "weber" nil (v e0 b eh0 rh ))
( "week_end" NOM (w i0 k eh0 n d ))
( "y_a_t_il" nil (j a0 t i0 l ))
( "yaourt" nil (j a0 u0 rh t ))
( "yeu" nil (z j eu0 ))
( "z_en" nil (z ahn0 ))
( "zan" nil (z ahn0 ))
( "zinc" nil (z ehn0 g ))
( "à_jeun" ADV (a0 zh oen0 ))
( "à_la_saint-glinglin" ADV (a0 l a0 s ehn0 g l ehn0 g l ehn0 ))
( "à_leur_encontre" ADV (a0 l oe0 rh ahn0 k ohn0 t rh ))
( "à_mon_encontre" ADV (a0 m ohn0 n ahn0 k ohn0 t rh ))
( "à_notre_encontre" ADV (a0 n oh0 t rh ahn0 k ohn0 t rh ))
( "à_priori" ADV (a0 p rh i0 j oh0 rh i0 ))
( "à_son_encontre" ADV (a0 s ohn0 n ahn0 k ohn0 t rh ))
( "à_ton_encontre" ADV (a0 t ohn0 n ahn0 k ohn0 t rh ))
( "à_tout_hasard" ADV (a0 t u0 t a0 z a0 rh ))
( "à_tâtons" ADV (a0 t a0 t ohn0 ))
( "à_votre_encontre" ADV (a0 v oh0 t rh ahn0 k ohn0 t rh ))
( "éclairant" nil (e0 k l eh0 rh ahn0 ))
( "éther" nil (e0 t eh0 rh ))
( "étions-nou" nil (e0 t j ohn0 n u0 ))
( "êtes-vous" nil (eh0 t v u0 ))
( "être" nil (eh0 t rh ae0 ))
("_y" nil (((i)0))); token_to_words/addenda step
("a" nil (((a)0)))
("a-t-il" VER ((("a") 0) ((t "i" "l") 0)))
("a_fortiori" ADV (((a)0)((f oh rh)0)((s j oh)0)((rh i)0)))
("ab_initio" ADV (((a) 0) ((b i) 0) ((n i) 0) ((s j o) 0)))
("ab_irato" ADV (((a) 0) ((b i) 0) ((rh a) 0) ((t o) 0)))
("ab_ovo" ADV (((a) 0) ((b o) 0) ((v o) 0))) 
("abbaye" nil (((a)0)((b e)0)((i)0)))
("abdomen" nil (((a b)0)((d oh)0)((m eh n)0)))
("abrivent" "NOM" (((a)0)((b rh i)0)((v ahn)0)))
("abrupt" nil (((a)0)((b rh y p t)0)))
("abrupti" nil ((("a") 0) (("b" "rh" "y") 0) (("t" "i") 0)))
("abstient" nil (((a p s) 0) ((t j ehn) 0)))
("accent" NOM (((a k) 0) ((s ahn) 0)))
("acquit_à_caution" NOM (((a)0)((k i)0)((t a)0)((k o)0)((s j ohn)0)))
("acupuncteur" nil (((a)0)((k y)0)((p ohn k)0)((t oe rh)0)))
("ad_hoc" ADV (((a)0)((d oh k)0))) 
("ad_hominem" ADV (((a d)0)((oh)0)((m i)0)((n eh m)0)))
("ad_honores" ADV (((o)0)((n o )0)((rh eh s)0)))
("ad_infinitum" nil ((("a" d) 0) (("ehn") 0) (("f" "i") 0) (("n" "i") 0) (("t" "oh" "m") 0)))
("ad_patres" nil ((("a" "d") 0) (("p" "a") 0) (("t" "rh" "eh" s) 0)))
("advient" "VER" (((a d)0) ((v j ehn)0)))
("afin_d" nil (((a)0)((f ehn)0)))
("afin_qu" nil ((("a") 0) ((f ehn) 0))); token_to_words
("after_shave" NOM (((a f) 0)((t oe rh) 0)((sh eh v) 0)))
("agenda" nil (((a)0)((zh ehn)0)((d a)0)))
("agnus_castus" "NOM" ((("a" "g") 0) (("n" "y" "s") 0) (("k" "a" "s") 0) (("t" "y" "s") 0))); locution
("ai" nil ((("eh")0)))
("ailé" nil (((eh )0)((l e)0)))
("ailée" nil (((eh )0)((l e)0)))
("air_bag" NOM (((eh rh) 0) ((b a g) 0)))
("al_dente" ADV (((a l)0) ((d ahn)0) ((t e)0)))
("albatros" nil ((("a" "l") 0) (("b" "a") 0) (("t" "rh" "oh" "s") 0)))
("alea_jacta_est" ONO (((a) 0) ((l e) 0)((a) 0) ((zh a k) 0) ((t a) 0) ((eh s t) 0)))
("alias" nil ((("a") 0) (("l" "j" "a" "s") 0)))
("alors_qu" nil ((("a") 0) (("l" "oh" "rh") 0))); token_to_words
("aloès" nil ((("a") 0) (("l" "oh") 0) (("eh" s) 0)))
("alès" nil ((("a") 0) (("l" "eh") 0)))
("ampli_tuner" NOM (((ahn) 0) ((p l i) 0) ((t y )0)((n eh rh)0)))
("antarctique" nil (((ahn)0)((t a rh k)0)((t i k)0)))
("antienne" nil (((ahn)0)((s j eh n)0)))
("antitabac" nil (((ahn)0)((t i)à) ((t a)0)((b a)0)))
("apens" nil (((a)0)((p ahn)0)))
("appartient" nil (((a)0)((p a rh)0)((t j ehn)0)))
("argent" nil ((("a" "rh") 0) (("zh" "ahn") 0)))
("arès" nil ((("a") 0) (("rh" "eh") 0)))
("assez" nil (((a)0)((s e)0)))
("atlas" nil ((("a") 0) (("t" "l" "a" s) 0)))
("aucun" nil ((("o") 0) (("k" "oen") 0)))
("auroch" nil (((o)0)((rh oh k)0)))
("aussitôt" nil (((o)0)((s i )0)((t o)0)))
("autobus" nil ((("o") 0) (("t" "o") 0) (("b" "y") 0)))
("autre" nil ((("o" "t" "rh") 0)))
("aux_aguet" "ADV" (((o)0) ((z a)0) ((g eh)0))) 
("avant_hier" ADV (((a) 0) ((v ahn) 0)((t i)0)((j eh rh)0)))
("ave" nil (((a)0)((v e)0)))
("avec" nil ((("a")0) (("v" "eh" k)0)))
("aérosol" nil (((a)0) ((e)0) ((rh o)0) ((s oh l )0)))
("baby" nil (((b e b i)0)))
("banjo" nil (((b ahn)0)(( d zh o)0)))
("ben" "NAM" (((b eh n)0)))
("ben" "ONO" (((b ehn)0)))
("bien" nil ((("b" "j" "ehn") 0)))
("bien_qu" nil (((b j ehn) 0))); token_to_words
("biens" nil ((("b" "j" "ehn") 0)))
("boat_people" nil (((b oh t) 0) ((p i)0) ((p oh l)0)))
("boeuf" nil (((b oe f)0)))
("boeufs" nil (((b eu)0)))
("bombyx" nil ((("b" "ohn") 0) (("b" "i" "k" "s") 0)))
("bon" nil ((("b" "ohn") 0)))
("bons_à_rien" nil ((("b" "ohn") 0) (("a") 0) (("rh" "j" "ehn") 0)))
("boomerang" nil (((b u m)0)((rh ahn g)0)))
("booster" nil ((( b u )0)(( s t eh rh)0)))
("bowling" nil (((b u)0)((l i n g)0)))
("brayant" nil (((b rh a)0)((j ahn)0)))
("break" nil (((b rh eh k)0))) ; tie break breakfast
("brisé" nil ((("b" "rh" "i") 0) (("z" "e") 0)))
("brisée" nil ((("b" "rh" "i") 0) (("z" "e") 0)))
("building" nil (((b y l)0)((d i n g)0)))
("bungalow" nil (((b oen)0)((g a)0)((l o)0)))
("bus" "NOM" ((("b" "y" "s") 0)))
("bus" "VER" ((("b" "y")0)))
("by_night" nil (((b a j )0)((n a j t)0)))
("c_est" "nil" (((s eh)0))) ; et non k
("c_étaient" nil ((("s" "e")0) (("t" "eh")0))); et non k
("c_était" nil ((("s" "e")0) (("t" "eh")0))); et non k
("cabus" nil(((k a)0)((b y)0))) 
("ce" nil ((("s" "ae")0)))
("celle_ci" nil ((("s" "eh" "l")0)(("s" "i")0)))
("cerf" nil (((s eh rh)0)))
("certain" nil ((("s" "eh" "rh") 0) (("t" "ehn") 0)))
("certaine" nil ((("s" "eh" "rh") 0) (("t" "eh" "n") 0)))
("certaines" nil ((("s" "eh" "rh") 0) (("t" "eh" "n") 0)))
("certains" nil ((("s" "eh" "rh") 0) (("t" "ehn") 0)))
("ces" nil ((("s" "e") 0))); CES
("cet" "ADJ:dem"  ((("s" "eh")0)))
("ceux-ci" nil ((("s" "eu")0)(("s" "i") 0)))
("chacun" nil ((("sh" "a") 0)((k oen)0)))
("check_up" NOM (((sh eh k)0)((oe p)0)))
("chef_d_oeuvre" "NOM" ((("sh" "e") 0) (("d" "oe" "v" "rh") 0)))
("chez" nil ((("sh" "e") 0)))
("cinq_ADJ:num" "ADJ:num"  (((s ehn)0)))
("clown" nil (((k l u n)0)))
("clownerie" nil (((k l u n)0)((rh i)0)))
("clownesse" nil (((k l u)0)((n eh s)0)))
("cocker" nil (((k oh)0)((k eh rh)0)))
("coeur" nil ((("k" "oe" "rh") 0)))
("coffee_shop" NOM (((k o) 0) ((f i) 0) ((sh oh p) 0)))
("comment" nil ((("k" "oh") 0) (("m" "ahn") 0)))
("content" "ADJ" ((("k" "ohn")0)(("t" ahn)0)))
("content" "VER" ((("k" "ohn" "t")0)))
("contient" nil (((k ohn) 0) ((t j ehn) 0)))
("contrevient" VER (((k ohn)0) ((t rh ae)0) ((v j ehn)0)))
("corner" nil (((k oh rh)0)(( n eh rh)0)))
("corp" nil ((("k" "oh" "rh") 0)))
("corps" nil ((("k" "oh" "rh") 0)))
("corps" nil ((("k" "oh" "rh") 0)))
("cost" nil ((("k" "oh" "s")0) (("t" ae) 0)))
("cosy" nil (((k oh)0)((z i)0)))
("cot_cot_codec" ONO (((k oh t)0)((k oh t)0)((k o)0)((d eh k)0)))
("cotignac" nil (((k o)0)((t i)0)((jg a)0)));; refra
("couvent" "NOM" ((("k" "u")0)(("v" ahn)0))) ;; !
("couvent" "VER" ((("k" "u" "v")0)))
("coïncident" "ADJ" (((k o)0)((ehn)0)((s i)0)((d ahn)0)));;
("coïncident" "VER" (((k o)0)((ehn)0)((s i d)0))) 
("crawl" nil (((k rh o l)0))) 
("crois-moi" nil  (((k rh w a)0) ((m w a)0)))
("cuiller" nil (((k hw i)0)((j eh rh)0)))
("cul" nil (((k y)0)))
("cérumen" nil (((s e)0)((rh y)0)((m eh n)0)))
("d_an" nil ((("d" "ahn") 0)))
("d_eau" nil (((d o)0)))
("d_en" nil ((("d" "ahn") 0)))
("d_ire" nil (((d i rh)0)));
("d_oeil" nil ((("d" "oe" "j" pau) 0)))
("d_or" nil ((("d" "oh" "rh") 0)))
("d_ores_et_déjà" nil ((("d" "o" "rh") 0) (("z" "e") 0) (("d" "e") 0) (("zh" "a") 0))); locution
("d_u" nil (((d y)0))); locution
("daim" nil (((d ehn)0)))
("dan" "NOM" (((d a n) 0)))
("dans" nil (((d ahn) 0)))
("de" nil ((("d" ae) 0))) ; token_to_words
("de_plu" "ADV" (((d ae)0)((p l y)0)))
("de_visu" ADV (((d ae)0)((v i)0)((z y)0))) 
("des" nil (((d e) 0)))
("deu" ADJ:num ((("d" "eu") 0)))
("deus_ex_machina" NOM (((d e)0)((u s)0)((eh k s)0)((m a)0)((sh i)0)((n a)0)))
("deux" nil ((("d" "eu") 0)))
("dis-je" nil ((("d" "i")0)(("zh" "ae")0)))
("dix" NOM ((("d" "i" "s") 0))); postlex
("dix_neuf" nil ((("d" "i" "s") 0) (("n" "oe" f) 0)))
("docker" nil (((d oh)0)((k eh rh)0)))
("dolmen" nil (((d oh l)0)((m eh n)0)))
("donne-moi" nil  (((d oh n)0) ((m w a)0)))
("doux-amer_ADJ" "ADJ" (((d u)0)((a)0)((m eh rh)0)))
("droit" nil ((("d" "rh" "w" "a") 0)))
("dément" "VER" (((d e)0)((m ahn)0))) 
("eh_bien" nil (((e) 0) ((b j ehn) 0)))
("elles" nil ((("eh" "l") 0)))
("en" nil (((ahn)0)))
("en_avant" ADV (((ahn)0)((n a)0)((v ahn)0)))
("en_catimini"  ADV (((ahn)0)((k a) 0) ((t i) 0) ((m i) 0) ((n i) 0)))
("en_effet" nil (((ahn) 0) ((n e) 0) ((f eh) 0)))
("en_suspens" nil (((ahn)0)((s y s)0)((p ahn)0)))
("en_tapinois" ADV (((ahn)0)((t a) 0) ((p i) 0) ((n w a) 0)))
("en_tête" ADV (((ahn) 0) ((t eh)0)))
("en_étant"  ADV (((ahn)0)((n e) 0) ((t ahn) 0)))
("enfant_ci" nil ((("ahn")0)((f ahn)0)(("s" "i")0)))
("enfer" nil (((ahn)0)((f eh rh)0)))
("es" VER ((("eh") 0)))
("es" nil (((eh s) 0)))
("essaim" nil (((e s ehn)0)))
("essuietout" nil (((e)0)((s hw i)0)((t u)0)))
("est" "VER" ((("eh") 0)))
("est_ce" nil (((eh s) 0)))
("est_à_dire" VER (((eh) 0) ((t a) 0) ((d i rh) 0)))
("et_caetera" ADV (((eh t)0)((t s e)0)((t e)0)((rh a)0)))
("et_cetera" ADV  (((eh t)0)((t s e)0)((t e)0)((rh a)0)))
("et_hop" "ONO" (((e)0) (( oh p) 0)))
("eut" nil ((("y")0)))
("examen" nil (((eh g)0)((z a)0)((m ehn)0)))
("express" nil (((eh k s)0)((p rh eh s)0)))
("faciès" nil ((("f" "a") 0) (("s" "j" "eh" "s") 0)))
("faim" nil (((f ehn)0)))
("femme" nil ((("f" "a" "m") 0)))
("flamenco" nil (((f l a)0)((m eh n)0)((k o)0)))
("français" nil ((("f" "rh" "ahn")0)(("s" "eh")0)))
("française" nil ((("f" "rh" "ahn")0)(("s" "eh" "z")0)))
("fuchsia" nil (((f y)0)((sh j a)0)))
("fut" nil (((f "y")0)))
("gadget" nil (((g a d)0)((zh eh t)0)))
("gagne_t_il" nil ((("g" "a") 0) (("jg" "ae") 0) (("t" "i" "l") 0)))
("gens" nil (((zh ahn)0)))
("goal" nil (((g o l)0)))
("guerilla" nil (((g e)0)((rh i)0)((j a)0)))
("guet_apen" NOM (((g e)0)((t a) 0) ((p ahn) 0)))
("gyrolaser" nil (((zh i)0)((rh o)0)((l a )0)((z eh rh)0)))
("gêne" nil (((zh eh n)0)))
("haim" nil ((( "ehn")0))); pas de hh?
("haricot" nil ((("pau" "a") 0) (("rh" "i") 0) (("k" "o") 0)))
("has_been" NOM (((a s)0)((b i n)0))) 
("hindi" nil (((i n)0)((d i)0)))
("huis_clos" nil  (((hw i)0)((k l o)0)))
("hélas" "VER" ((("e") 0) (("l" "a") 0)))
("hélas" ONO ((("e") 0) (("l" "a" s) 0)))
("héro" NOM (((pau "e") 0) (("rh" o) 0)))
("héros" NOM (((pau "e") 0) (("rh" o) 0)))
("ice_blinck" NAM ((("a" "j") 0) (("s" "ae") 0) (("b" "l" "i" "n" "k") 0)))
("ice_cream" nil (((a j)0)((k rh i m)0)))
("igloo" nil (((i)0)((g l u)0)))
("il_y_a" nil (((i)0)((l "j" "a") 0)))
("ils" nil ((("i" "l") 0)))
("inch_allah" ONO ((("i" "n")0)(("sh" "a")0) (("l" "a")0)))
("inconvénient" nil (((ehn)0)((k ohn)0)((v e)0)((n j ahn)0)))
("interview" nil (((ehn)0)((t eh rh)0)((v j u)0)))
("intra_muro" "ADV" ((("ehn") 0) (("t" "rh" "a") 0) (("m" "y") 0) (("rh" "o" "s") 0)))
("intra_muros" ADV (((i n)0)((t rh a)0)((m y)0)((rh oh s)0)))
("j_ai" nil (((zh e) 0)))
("j_en" nil (((zh ahn) 0)))
("jaguar" nil (((zh a g)0)((w a rh)0)))
("jamais" nil ((("zh" "a") 0) ((m eh) 0)))
("je" nil ((("zh" "ae") 0)))
("jeu" nil ((("zh" "eu") 0)))
("jeune" NOM ((("zh" "oe" "n")0)))
("jusque_devant" PRE (((zh y s)0)((k ae)0)((d ae)0)((v ahn)0)))
("kaiser" nil (((k a j)0)((z eh rh)0)))
("kayak" nil (((k a j a k)0)))
("kumquat" nil (((k u m)0)((k w a t)0)))
("kung-fu" nil (((k u n g)0)((f u)0)))
("l_an" nil ((("l" "ahn") 0)))
("l_atlas" nil ((("l" "a") 0) (("t" "l" "a" s) 0)))
("l_autre_" nil (((l "o")0) (("t" "rh" ae) 0)))
("l_autre_" nil (((l "o")0) (("t" "rh" ae) 0)))
("l_eau" nil (((l o)0)))
("l_en" nil ((("l" "ahn") 0)))
("l_esclave" nil (((l "eh" "s") 0) (("k" "l" "a")0) (("v" ae) 0)))
("l_esclave" nil (((l "eh" "s") 0) (("k" "l" "a")0) (("v" ae) 0)))
("l_humain" nil (((l "y") 0) (("m" "ehn") 0)))
("l_humain" nil (((l "y") 0) (("m" "ehn") 0)))
("l_ire" nil (((d i rh)0)));
("l_oeil" nil ((("l" "oe" "j" pau) 0)))
("l_or" nil ((("l" "oh" "rh") 0)))
("l_ores_et_déjà" nil ((("l" "o" "rh") 0) (("z" "e") 0) (("d" "e") 0) (("zh" "a") 0))); locution
("l_u" nil (((d y)0))); locution
("l_une" nil (((l y n)0))); locution
("l_urbain" nil (((l "y" "rh") 0) (("b" "ehn") 0)))
("l_urbain" nil (((l "y" "rh") 0) (("b" "ehn") 0)))
("lady" nil (((l e d i)0)))
("laser" nil (((l a )0)((z eh rh)0)))
("le" nil ((("l" "ae") 0)))
("lefebvre" nil (((l ae) 0) ((f eh)0) ((v rh ae) 0)))
("les" nil ((("l" "e") 0)))
("lever" nil (((l ae)0)((v e)0)))
("lis" "NOM" ((("l" "i" "s") 0)))
("lis" "VER" ((("l" "i") 0)))
("low" nil (((l o) 0)))
("lumbago" nil (((l oe m)0)((b a)0)((g o)0)))
("lundi" nil (((l oen)0)((d i)0)))
("là" nil ((("l" "a") 0)))
("machefer" nil (((m a sh)0)((f eh rh)0)))
("mademoiselle" nil (((m a d)0)((m w a)0)((z eh l)0)))
("madre_de_dios" nil ((("m" "a") 0) (("d" "rh" "ae") 0) (("d" "e") 0) (("d" "j" "oh" "s") 0)))
("maintient" nil (((m ehn) 0) ((t j ehn) 0)))
("manquerè" nil ((("m" "ahn") 0) (("k" "ae") 0) (("rh" "eh") 0)))
("marqueterie" nil (((m a rh)0)((k eh)0)((t ae)0)((rh i)0)))
("mat" ADJ ((("m" a "t")0)))
("me" nil ((("m" "ae") 0)))
("ment" "VER" ((( m ahn)0)))
("mes" nil ((("m" "e") 0)))
("mesdames" nil (((m e)0)((d a m)0))) 
("messieurs" nil (((m e)0)((s j eu)0)))
("messieurs_dames" NOM (((m e) 0) ((s j oe) 0) ((d a m) 0)))
("met-en" nil (((m e)0)((t ahn hh)0)))
("mets-en" nil (((m e)0)((z ahn hh)0)))
("mieux_être" nil  (((m j eu)0) ((z eh t rh)0)))
("mieux_être" nil((("m" "j" "eu") 0) ((z "eh") 0) (("t" "rh" "ae") 0)))
("milady" nil (((m i)0)((l e)0)((d i)0)))
("mis" nil ((("m" "i") 0)))
("mobilis_in_mobile" NOM (((m oh)0)((b i)0)((l i s)0)((i n)0)((m o)0)((b i)0)((l e)0)))
("moi_même" PRO:per (((m w a) 0)((m eh m)0)))
("moins" nil ((("m" "w" "ehn") 0)))
("moment" nil ((("m" "oh") 0)(("m" "ahn")0)))
("monsieur" nil (((m ae)0)((s j eu)0)))
("moyen_orient" nil ((("m" "w" "a") 0) (("j" "eh") 0) (("n" "oh") 0) (("rh" "j" "ahn") 0)))
("même" nil ((("m" "eh" "m") 0)))
("n_en" nil (((n ahn) 0)))
("n_importe_quoi" nil  (((n ehn)0) ((p oh rh)0) ((t ae)0) ((k w a)0)))
("n_y_en_a" nil (((n j ahn) 0)((n a)0)))
("ne" nil ((("n" ae) 0)))
("neuf" nil (((n oe)0)))
("neuf_an" nil (((n oe)0)((v ahn)0)))
("neuf_heures" nil (((n oe)0)((v oe rh)0)))
("ni" nil ((("n" "i") 0)))
("nom" nil (((n ohn) 0)))
("non" nil (((n ohn) 0)))
("nor_nor_est" ADV ((("n" "oh" "rh") 0) (("n" "oh") 0) (("rh" "eh" "s" "t") 0)))
("nota_bene" NOM (((n o)0)((t a)0)((b e)0)((n e)0))) 
("nous" nil ((("n" "u") 0)))
("nul" nil ((("n" "y" "l") 0)))
("oeil" nil ((("oe" "j" pau) 0)))
("oeuvre" nil ((("oe")0) (("v" "rh") 0)))
("oh" nil ((("oh") 0)))
("ont" nil ((("ohn") 0)))
("oseille" nil (((o)0)((z eh j)0)))
("oui" nil (((w i)0)))
("ours" "NOM" (((u rh s)0)))
("outremer" nil (((u t rh)0)((m eh rh)0)))
("où" nil (((u)0)))
("panzer" nil(((p ahn)0)((z eh rh)0)))
("parasol" nil (((p a)0)((rh a)0) ((s oh l )0)))
("pare" "VER" (((p a rh)0)))
("parviens" nil (((p a rh v j ehn)0)))
("parvient" nil (((p a rh v j ehn)0)))
("patatrac" nil (((p a)0)((t a)0)((t rh a)0)))
("penalty" nil (((p e)0)((n a l)0)((t i)0)))
("pente" nil (((p ahn)0)((t ae)0)))
("perd" nil ((( p eh rh)0)))
("peso" nil ((( p e)0) ((s o)0)))
("pesos" nil ((( p e)0) ((s o s)0)))
("peu" nil ((("p" "eu") 0)))
("pic_vert" NOM (((p i) 0) ((v eh rh) 0)))
("pit_bull" NOM (((p i t)0)((b u l)0)))
("plus" "VER" (((p "l" "y")0))) 
("portions-nou" nil ((("p" "oh" "rh") 0) (("t" "j" "ohn") 0) (("n" "u") 0)))
("post_it" NOM (((p oh s t)0)((i t)0))) 
("post_scriptum" NOM (((p oh s t) 0) ((s k rh i p) 0) ((t oh m) 0)))
("pour" nil ((("p" "u" "rh") 0)))
("pourquoi" nil ((("p" "u" "rh") 0) (("k" "w" "a") 0)))
("pouvoir" nil ((("p" "u") 0) (("v" "w" "a" "rh") 0)))
("prends-en" nil ((("p" "rh" "ahn") 0) (("z" "ahn") 0)))
("prime_sautier" nil (((p rh i m)0)((s o)0)((t j e)0)))
("prime_sautière" nil (((p rh i m)0)((s a)0)((t j eh rh)0)))
("primesautier" nil (((p rh i m)0)((s o)0)((t j e)0)))
("primesautière" nil (((p rh i m)0)((s o)0)((t j eh rh)0)))
("processus" nil ((("p" "rh" "oh")0)(("s" e)0)(("s" "y" s)0))) 
("puy" nil (((p hw i)0)))
("qu_a-t-il" nil (((k a) 0)(("t" "i" l) 0)))
("quaker" nil (((k w a)0)((k eh rh)0)))
("quant_au" nil (((k ahn)0)((t o)0)))
("quant_à" nil (((k ahn)0)((t a)0)))
("quaternaire" nil (((k w a)0)((t eh rh)0)((n eh rh)0)))
("que" nil ((("k" ae)0)))
("quelqu_un" nil ((("k" "e" "l") 0) (("k" "ehn") 0)))
("quelque" nil ((("k" "eh" "l") 0) (("k" "ae") 0)))
("quelques_un" nil (((k e l)0)((k ae)0)((z ehn)0)))
("quelques_uns" PRO:ind (((k eh l)0)((k ae)0)((z oen)0)))
("quelques_uns" nil (((k e l)0)((k ae)0)((z oen)0)))
("qui" nil ((("k" "i") 0)))
("qui" nil ((("k" "i") 0)))
("quiconque_" nil ((("k" "i") 0) (("k" "ohn")0) (("k" ae) 0)))
("quid" nil (((k w i d) 0)))
("quoi" nil ((("k" "w" "a") 0)))
("rabat_joie" nil ((("rh" "a") 0) (("b" "a") 0) (("zh" "w" "a") 0)))
("rations-nou" nil ((("rh" "a") 0) (("t" "j" "ohn") 0) (("n" "u") 0)))
("reddition" nil (((rh eh )0)((d i)0)((s j ohn)0)))
("rendez-vous" nil (((rh ahn) 0) ((d e) 0) ((v u) 0)))
("resterè" nil ((("rh" "eh" "s") 0) (("t" "ae") 0) (("rh" "eh") 0)))
("réexamen" nil (((rh e)0)((eh g)0)((z a)0)((m ehn)0)))  
("röntgen" nil (((rh oen)0)((g oe n)0)))
("s_" nil ((("s") 0)))
("s_il" nil ((("s" "i" "l") 0)))
("saint_esprit" NOM (((s ehn)0)((t eh s)0)((p rh i)0))) 
("saint_paul" NAM (((s ehn) 0) ((p o l) 0)))
("scrabble" nil (((s k rh a)0)((b oe l)0)))
("se" nil ((("s" "ae") 0)))
("secreta" nil (((s ae)0)((k rh ae)0)(( t a)0)))
("sens" "NAM" ((("s" "ahn" "s")0)))
("sens" "NOM" ((("s" "ahn" "s")0)))
("sens" "VER" ((("s" ahn)0)))
("sera" nil ((("s" "ae") 0)((rh a)0)))
("serpent" nil ((("s" "eh" "rh") 0)((p ahn)0)))
("sers" nil (((s eh rh)0)))
("sers-en" nil ((("s" "eh" "rh") 0) (("z" "ahn") 0)))
("serè" nil (((s ae) 0) (("rh" "eh") 0)))
("ses" nil ((("s" "e") 0)))
("seul" nil ((("s" "oe" l)0)))
("seule" nil ((("s" "oe" l)0)))
("si" nil ((("s" "i") 0)))
("sine_qua_non" ADJ (((s i) 0)((n e)0)((k w a)0)((n oh n)0)))
("six" nil ((("s" "i" "s") 0))); postlex
("soeur" nil ((("s" "oe" "rh") 0)))
("soixante_et_un" nil ((("s" "w" "a") 0) (("s" "ahn") 0) (("t" "e")0)(("oen") 0)))
("solennel" nil (((s oh)0)((l a)0)((n eh l)0)))       
("solennelle" nil (((s oh)0)((l a)0)((n eh l)0)))
("somnolent" "ADJ" ((("s" oh "m")0)((n o)0)(("l" "ahn")0)))
("somnolent" "VER" ((("s" oh "m")0)((n o l)0)))
("sont" nil ((("s" "ohn") 0)))
("soutient" nil (((s u) 0) ((t j ehn)0)))
("soyon" nil ((("s" "w" "a") 0) (("j" "ohn") 0)))
("soyons" nil ((("s" "w" "a") 0) (("j" "ohn") 0)))
("speakerine" nil (((s p i)0)((k rh i n)0)))
("stand" nil (((s t ahn d)0)))
("steak" nil (((s t eh k)0)))
("suez" "NAM" (((s y)0)((eh z)0)))
("suez" "NOM" (((s y)0)((eh z)0)))
("suez" "VER" (((s y)0)((e)0)))
("suis" nil (((s hw i) 0)))
("suivant" nil ((("s" "hw" "i") 0) (("v" "ahn") 0)))
("surf" nil (((s oe rh f)0))) 
("t_en_guerre" nil ((("t" ahn )0) (("g" "eh" "rh") 0)))
("t_es" nil ((("t" eh) 0)))
("t_il" nil ((("t" "i" l)0)))
("tabac" nil (((t a)0)((b a)0)))
("tanker" nil (((t ahn)0)((k eh rh)0))) 
("tchin_tchin" ONO  (((t sh i n) 0) ((sh i n) 0)))
("te" nil ((("t" "ae") 0)))
("tech" nil (((t eh k)0)))  
("techtonique" nil (((t eh k)0)((t o)0)((n i k)0))) 
("temps" nil (((t ahn) 0)))
("tes" nil ((("t" "e") 0)))
("thym" nil (((t ehn)0)))
("toast" nil (((t o s t)0)))
("tomahawk" nil (((t oh)0)((m a)0)((o k)0)))
("too_much" ADJ (((t u)0)((m y sh)0))) 
("toujours" nil ((("t" "u") 0) (("zh" "u" "rh") 0)))
("tout_au_plu" nil ((("t" "u") 0) (("t" "o") 0) (("p" "l" "y" "s") 0)))
("tout_au_plus" ADV (((t u)0)((t o)0)((p l y s)0)))
("tout_autant" ADV (((t u)0)((t o)0)((t ahn)0)))
("tout_d_abord" nil (((t u)0)((d "a") 0) (("b" "oh" "rh") 0)))
("tout_ou-rien" nil (((t u) 0) ((t u) 0) ((rh j ehn) 0)))
("tout_à_chacun" ADV (((t u)0)((t a)0)((sh a)0)((k oen)0)))
("tout_à_coup" ADV (((t u)0)((t a)0)((k u)0)))
("travelling" nil (((t rh a)0)((v l i n g)0)))
("trop" nil ((("t" "rh" "o") 0)))
("un_autre" nil ((("oen")0)((n "o")0) (("t" "rh" ae) 0)))
("un_à_un" nil (((oen) 0) ((n a)0) ((oen)0)))
("va_t_en_guerre" NOM (((v a)0)((t ahn)0)((g eh rh)0)))
("va_te_laver" NOM (((v a)0)((t ae)0)((l a)0)((v e)0)))
("vade_retro" ADV (((v a)0)((d e)0)((rh e)0)((t rh o)0)))
("varech" nil (((v a)0)((rh eh k)0)))
("vient" "VER" (((v j ehn)0)))
("vingt_deux" nil (((v ehn) 0) ((t e) 0) ((oen) 0)))
("vingt_et_un" ADJ (((v ehn) 0) ((t e) 0) ((oen) 0)))
("vingt_et_un" nil (((v ehn) 0) ((t e) 0) ((oen) 0)))
("vis" "NOM" ((("v" "i" "s") 0)))
("vis" "VER" ((("v" "i") 0)))
("vis_à_vis" PRE (((v i)0)((z a)0)((v i)0)))
("votera-t-il" nil (((v oh)0)((t ae)0)((rh a)0)((t i l)0)))
("votr_ami" nil ((("v" "oh") 0) (("t" "rh" "a") 0) (("m" "ahn") 0)))
("vous" nil ((("v" "u") 0)))
("voyage" "nil" ((("v" "w" "a") 0) (("j" "a" "zh") 0)))
("vraiment" nil (((v rh eh)0) ((m ahn)0)))
("wait_and_see" NOM (((w eh)0)((t eh n)0)((s i)0)))
("way_of_life" NOM (((w eh)0)((oh v)0)((l a j f)0)))
("weber" nil ((( v e)0)((b eh rh)0)))
("week_end" NOM (((w i)0)((k eh n d)0))) 
("y_a_t_il" nil ((("j"  "a") 0) (("t" "i" "l") 0)))
("yaourt" nil (((j a )0)((u rh t)0)))  
("yeu" nil ((("z" "j" "eu")0)))
("z_en" nil (((z ahn) 0)))
("zan" nil (((z ahn)0)))
("zinc" nil (((z ehn g)0))) 
("à_jeun" ADV (((a)0) ((zh oen)0))) 
("à_la_saint-glinglin" ADV (((a) 0) ((l a) 0) ((s ehn) 0) ((g l ehn) 0) ((g l ehn) 0)))
("à_leur_encontre" ADV (((a) 0) ((l oe) 0) ((rh ahn) 0) ((k ohn t rh) 0)))
("à_mon_encontre" ADV (((a) 0) ((m ohn) 0) ((n ahn) 0) ((k ohn t rh) 0)))
("à_notre_encontre" ADV (((a) 0) ((n oh) 0) ((t rh ahn) 0) ((k ohn t rh) 0)))
("à_priori" ADV  (((a) 0) ((p rh i)0) ((j oh) 0) ((rh i) 0)))
("à_son_encontre" ADV (((a) 0) ((s ohn) 0) ((n ahn) 0) ((k ohn t rh) 0)))
("à_ton_encontre" ADV (((a) 0) ((t ohn) 0) ((n ahn) 0) ((k ohn t rh) 0)))
("à_tout_hasard" ADV (((a)0)((t u)0)((t a)0)((z a rh)0)))
("à_tâtons" ADV  (((a) 0) ((t a) 0) ((t ohn) 0)))
("à_votre_encontre" ADV (((a) 0) ((v oh) 0) ((t rh ahn) 0) ((k ohn t rh) 0)))
("éclairant" "nil" ((("e") 0) (("k" "l" "eh") 0) (("rh" "ahn") 0)))
("éther" nil (((e)0)((t eh rh)0)))
("étions-nou" nil (((e)0)((t j ohn)0)((n u)0))) 
("êtes-vous" nil ((("eh" t) 0)((v u) 0)))
("être" nil ((("eh") 0) (("t" "rh" ae) 0)))
